[    0.000000] Initializing cgroup subsys cpuset
[    0.000000] Initializing cgroup subsys cpu
[    0.000000] Initializing cgroup subsys cpuacct
[    0.000000] Linux version 4.4.0-135-generic (buildd@lcy01-amd64-020) (gcc version 5.4.0 20160609 (Ubuntu 5.4.0-6ubuntu1~16.04.10) ) #161-Ubuntu SMP Mon Aug 27 10:45:01 UTC 2018 (Ubuntu 4.4.0-135.161-generic 4.4.140)
[    0.000000] Command line: BOOT_IMAGE=/boot/vmlinuz-4.4.0-135-generic root=LABEL=cloudimg-rootfs ro console=tty1 console=ttyS0
[    0.000000] KERNEL supported cpus:
[    0.000000]   Intel GenuineIntel
[    0.000000]   AMD AuthenticAMD
[    0.000000]   Centaur CentaurHauls
[    0.000000] x86/fpu: xstate_offset[2]:  576, xstate_sizes[2]:  256
[    0.000000] x86/fpu: Supporting XSAVE feature 0x01: 'x87 floating point registers'
[    0.000000] x86/fpu: Supporting XSAVE feature 0x02: 'SSE registers'
[    0.000000] x86/fpu: Supporting XSAVE feature 0x04: 'AVX registers'
[    0.000000] x86/fpu: Enabled xstate features 0x7, context size is 832 bytes, using 'standard' format.
[    0.000000] e820: BIOS-provided physical RAM map:
[    0.000000] BIOS-e820: [mem 0x0000000000000000-0x000000000009fbff] usable
[    0.000000] BIOS-e820: [mem 0x000000000009fc00-0x000000000009ffff] reserved
[    0.000000] BIOS-e820: [mem 0x00000000000f0000-0x00000000000fffff] reserved
[    0.000000] BIOS-e820: [mem 0x0000000000100000-0x00000000dffeffff] usable
[    0.000000] BIOS-e820: [mem 0x00000000dfff0000-0x00000000dfffffff] ACPI data
[    0.000000] BIOS-e820: [mem 0x00000000fec00000-0x00000000fec00fff] reserved
[    0.000000] BIOS-e820: [mem 0x00000000fee00000-0x00000000fee00fff] reserved
[    0.000000] BIOS-e820: [mem 0x00000000fffc0000-0x00000000ffffffff] reserved
[    0.000000] BIOS-e820: [mem 0x0000000100000000-0x000000011fffffff] usable
[    0.000000] NX (Execute Disable) protection: active
[    0.000000] SMBIOS 2.5 present.
[    0.000000] Hypervisor detected: KVM
[    0.000000] e820: last_pfn = 0x120000 max_arch_pfn = 0x400000000
[    0.000000] MTRR: Disabled
[    0.000000] x86/PAT: MTRRs disabled, skipping PAT initialization too.
[    0.000000] CPU MTRRs all blank - virtualized system.
[    0.000000] x86/PAT: Configuration [0-7]: WB  WT  UC- UC  WB  WT  UC- UC  
[    0.000000] e820: last_pfn = 0xdfff0 max_arch_pfn = 0x400000000
[    0.000000] found SMP MP-table at [mem 0x0009fff0-0x0009ffff] mapped at [ffff88000009fff0]
[    0.000000] Scanning 1 areas for low memory corruption
[    0.000000] RAMDISK: [mem 0x3630a000-0x3717cfff]
[    0.000000] ACPI: Early table checksum verification disabled
[    0.000000] ACPI: RSDP 0x00000000000E0000 000024 (v02 VBOX  )
[    0.000000] ACPI: XSDT 0x00000000DFFF0030 00003C (v01 VBOX   VBOXXSDT 00000001 ASL  00000061)
[    0.000000] ACPI: FACP 0x00000000DFFF00F0 0000F4 (v04 VBOX   VBOXFACP 00000001 ASL  00000061)
[    0.000000] ACPI: DSDT 0x00000000DFFF0470 0021FF (v02 VBOX   VBOXBIOS 00000002 INTL 20100528)
[    0.000000] ACPI: FACS 0x00000000DFFF0200 000040
[    0.000000] ACPI: FACS 0x00000000DFFF0200 000040
[    0.000000] ACPI: APIC 0x00000000DFFF0240 00005C (v02 VBOX   VBOXAPIC 00000001 ASL  00000061)
[    0.000000] ACPI: SSDT 0x00000000DFFF02A0 0001CC (v01 VBOX   VBOXCPUT 00000002 INTL 20100528)
[    0.000000] No NUMA configuration found
[    0.000000] Faking a node at [mem 0x0000000000000000-0x000000011fffffff]
[    0.000000] NODE_DATA(0) allocated [mem 0x11fff7000-0x11fffbfff]
[    0.000000] kvm-clock: Using msrs 4b564d01 and 4b564d00
[    0.000000] kvm-clock: cpu 0, msr 1:1ffef001, primary cpu clock
[    0.000000] kvm-clock: using sched offset of 14543334121 cycles
[    0.000000] clocksource: kvm-clock: mask: 0xffffffffffffffff max_cycles: 0x1cd42e4dffb, max_idle_ns: 881590591483 ns
[    0.000000] Zone ranges:
[    0.000000]   DMA      [mem 0x0000000000001000-0x0000000000ffffff]
[    0.000000]   DMA32    [mem 0x0000000001000000-0x00000000ffffffff]
[    0.000000]   Normal   [mem 0x0000000100000000-0x000000011fffffff]
[    0.000000]   Device   empty
[    0.000000] Movable zone start for each node
[    0.000000] Early memory node ranges
[    0.000000]   node   0: [mem 0x0000000000001000-0x000000000009efff]
[    0.000000]   node   0: [mem 0x0000000000100000-0x00000000dffeffff]
[    0.000000]   node   0: [mem 0x0000000100000000-0x000000011fffffff]
[    0.000000] Initmem setup node 0 [mem 0x0000000000001000-0x000000011fffffff]
[    0.000000] ACPI: PM-Timer IO Port: 0x4008
[    0.000000] IOAPIC[0]: apic_id 2, version 32, address 0xfec00000, GSI 0-23
[    0.000000] ACPI: INT_SRC_OVR (bus 0 bus_irq 0 global_irq 2 dfl dfl)
[    0.000000] ACPI: INT_SRC_OVR (bus 0 bus_irq 9 global_irq 9 low level)
[    0.000000] Using ACPI (MADT) for SMP configuration information
[    0.000000] smpboot: Allowing 2 CPUs, 0 hotplug CPUs
[    0.000000] PM: Registered nosave memory: [mem 0x00000000-0x00000fff]
[    0.000000] PM: Registered nosave memory: [mem 0x0009f000-0x0009ffff]
[    0.000000] PM: Registered nosave memory: [mem 0x000a0000-0x000effff]
[    0.000000] PM: Registered nosave memory: [mem 0x000f0000-0x000fffff]
[    0.000000] PM: Registered nosave memory: [mem 0xdfff0000-0xdfffffff]
[    0.000000] PM: Registered nosave memory: [mem 0xe0000000-0xfebfffff]
[    0.000000] PM: Registered nosave memory: [mem 0xfec00000-0xfec00fff]
[    0.000000] PM: Registered nosave memory: [mem 0xfec01000-0xfedfffff]
[    0.000000] PM: Registered nosave memory: [mem 0xfee00000-0xfee00fff]
[    0.000000] PM: Registered nosave memory: [mem 0xfee01000-0xfffbffff]
[    0.000000] PM: Registered nosave memory: [mem 0xfffc0000-0xffffffff]
[    0.000000] e820: [mem 0xe0000000-0xfebfffff] available for PCI devices
[    0.000000] Booting paravirtualized kernel on KVM
[    0.000000] clocksource: refined-jiffies: mask: 0xffffffff max_cycles: 0xffffffff, max_idle_ns: 7645519600211568 ns
[    0.000000] setup_percpu: NR_CPUS:512 nr_cpumask_bits:512 nr_cpu_ids:2 nr_node_ids:1
[    0.000000] PERCPU: Embedded 34 pages/cpu @ffff88011fc00000 s99544 r8192 d31528 u1048576
[    0.000000] PV qspinlock hash table entries: 256 (order: 0, 4096 bytes)
[    0.000000] Built 1 zonelists in Node order, mobility grouping on.  Total pages: 1032056
[    0.000000] Policy zone: Normal
[    0.000000] Kernel command line: BOOT_IMAGE=/boot/vmlinuz-4.4.0-135-generic root=LABEL=cloudimg-rootfs ro console=tty1 console=ttyS0
[    0.000000] PID hash table entries: 4096 (order: 3, 32768 bytes)
[    0.000000] Memory: 4028232K/4193848K available (8554K kernel code, 1314K rwdata, 4004K rodata, 1516K init, 1316K bss, 165616K reserved, 0K cma-reserved)
[    0.000000] SLUB: HWalign=64, Order=0-3, MinObjects=0, CPUs=2, Nodes=1
[    0.000000] Kernel/User page tables isolation: enabled
[    0.000000] Hierarchical RCU implementation.
[    0.000000] 	Build-time adjustment of leaf fanout to 64.
[    0.000000] 	RCU restricting CPUs from NR_CPUS=512 to nr_cpu_ids=2.
[    0.000000] RCU: Adjusting geometry for rcu_fanout_leaf=64, nr_cpu_ids=2
[    0.000000] NR_IRQS:33024 nr_irqs:440 16
[    0.000000] Console: colour VGA+ 80x25
[    0.000000] console [tty1] enabled
[    0.000000] console [ttyS0] enabled
[    0.000000] tsc: Detected 2712.002 MHz processor
[    3.837460] Calibrating delay loop (skipped) preset value.. 5424.00 BogoMIPS (lpj=10848008)
[    3.881510] pid_max: default: 32768 minimum: 301
[    3.905060] ACPI: Core revision 20150930
[    3.930930] ACPI: 2 ACPI AML tables successfully acquired and loaded
[    3.964753] Security Framework initialized
[    3.985658] Yama: becoming mindful.
[    4.004376] AppArmor: AppArmor initialized
[    4.029164] Dentry cache hash table entries: 524288 (order: 10, 4194304 bytes)
[    4.073382] Inode-cache hash table entries: 262144 (order: 9, 2097152 bytes)
[    4.104246] Mount-cache hash table entries: 8192 (order: 4, 65536 bytes)
[    4.134124] Mountpoint-cache hash table entries: 8192 (order: 4, 65536 bytes)
[    4.173874] Initializing cgroup subsys io
[    4.194615] Initializing cgroup subsys memory
[    4.215866] Initializing cgroup subsys devices
[    4.237856] Initializing cgroup subsys freezer
[    4.259492] Initializing cgroup subsys net_cls
[    4.281316] Initializing cgroup subsys perf_event
[    4.304454] Initializing cgroup subsys net_prio
[    4.326340] Initializing cgroup subsys hugetlb
[    4.348021] Initializing cgroup subsys pids
[    4.372478] mce: CPU supports 0 MCE banks
[    4.392996] Last level iTLB entries: 4KB 64, 2MB 8, 4MB 8
[    4.417718] Last level dTLB entries: 4KB 64, 2MB 0, 4MB 0, 1GB 4
[    4.445062] Spectre V2 : Mitigation: Full generic retpoline
[    4.474466] Spectre V2 : Speculation control IBPB not-supported IBRS not-supported
[    4.506685] Spectre V2 : Filling RSB on context switch
[    4.538494] Speculative Store Bypass: Vulnerable
[    4.605112] Freeing SMP alternatives memory: 32K
[    4.761686] ftrace: allocating 32266 entries in 127 pages
[    5.423657] smpboot: APIC(0) Converting physical 0 to logical package 0
[    5.452388] smpboot: Max logical packages: 1
[    5.479766] x2apic enabled
[    5.500737] Switched APIC routing to physical x2apic.
[    5.550558] ..TIMER: vector=0x30 apic1=0 pin1=2 apic2=-1 pin2=-1
[    5.686315] smpboot: CPU0: Intel(R) Core(TM) i5-7200U CPU @ 2.50GHz (family: 0x6, model: 0x8e, stepping: 0x9)
[    5.738158] Performance Events: unsupported p6 CPU model 142 no PMU driver, software events only.
[    5.783891] KVM setup paravirtual spinlock
[    5.805438] x86: Booting SMP configuration:
[    5.825815] .... node  #0, CPUs:      #1
[    5.847929] kvm-clock: cpu 1, msr 1:1ffef041, secondary cpu clock
[    5.870497] mce: CPU supports 0 MCE banks
[    5.884529] x86: Booted up 1 node, 2 CPUs
[    5.916866] smpboot: Total of 2 processors activated (10848.00 BogoMIPS)
[    5.952040] devtmpfs: initialized
[    5.972293] evm: security.selinux
[    5.990369] evm: security.SMACK64
[    6.008968] evm: security.SMACK64EXEC
[    6.028680] evm: security.SMACK64TRANSMUTE
[    6.050772] evm: security.SMACK64MMAP
[    6.071217] evm: security.ima
[    6.093389] evm: security.capability
[    6.115543] clocksource: jiffies: mask: 0xffffffff max_cycles: 0xffffffff, max_idle_ns: 7645041785100000 ns
[    6.187485] futex hash table entries: 512 (order: 3, 32768 bytes)
[    6.222041] pinctrl core: initialized pinctrl subsystem
[    6.256246] RTC time: 20:35:53, date: 11/19/18
[    6.284850] NET: Registered protocol family 16
[    6.321458] cpuidle: using governor ladder
[    6.353685] cpuidle: using governor menu
[    6.374051] PCCT header not found.
[    6.392448] ACPI: bus type PCI registered
[    6.413123] acpiphp: ACPI Hot Plug PCI Controller Driver version: 0.5
[    6.443088] PCI: Using configuration type 1 for base access
[    6.490032] ACPI: Added _OSI(Module Device)
[    6.511508] ACPI: Added _OSI(Processor Device)
[    6.533567] ACPI: Added _OSI(3.0 _SCP Extensions)
[    6.556574] ACPI: Added _OSI(Processor Aggregator Device)
[    6.588184] ACPI: Executed 1 blocks of module-level executable AML code
[    6.631488] ACPI: Interpreter enabled
[    6.650960] ACPI: (supports S0 S5)
[    6.669908] ACPI: Using IOAPIC for interrupt routing
[    6.694373] PCI: Using host bridge windows from ACPI; if necessary, use "pci=nocrs" and report a bug
[    6.762811] ACPI: PCI Root Bridge [PCI0] (domain 0000 [bus 00-ff])
[    6.791764] acpi PNP0A03:00: _OSC: OS supports [ASPM ClockPM Segments MSI]
[    6.822306] acpi PNP0A03:00: _OSC: not requesting OS control; OS requires [ExtendedConfig ASPM ClockPM MSI]
[    6.868079] acpi PNP0A03:00: fail to add MMCONFIG information, can't access extended PCI configuration space under this bridge.
[    6.923701] PCI host bridge to bus 0000:00
[    6.945127] pci_bus 0000:00: root bus resource [io  0x0000-0x0cf7 window]
[    7.190182] pci_bus 0000:00: root bus resource [io  0x0d00-0xffff window]
[    7.220826] pci_bus 0000:00: root bus resource [mem 0x000a0000-0x000bffff window]
[    7.258824] pci_bus 0000:00: root bus resource [mem 0xe0000000-0xfdffffff window]
[    7.299421] pci_bus 0000:00: root bus resource [bus 00-ff]
[    7.409206] pci 0000:00:01.1: legacy IDE quirk: reg 0x10: [io  0x01f0-0x01f7]
[    7.447340] pci 0000:00:01.1: legacy IDE quirk: reg 0x14: [io  0x03f6]
[    7.480029] pci 0000:00:01.1: legacy IDE quirk: reg 0x18: [io  0x0170-0x0177]
[    7.512144] pci 0000:00:01.1: legacy IDE quirk: reg 0x1c: [io  0x0376]
[    7.750604] pci 0000:00:07.0: quirk: [io  0x4000-0x403f] claimed by PIIX4 ACPI
[    7.787155] pci 0000:00:07.0: quirk: [io  0x4100-0x410f] claimed by PIIX4 SMB
[    7.945581] ACPI: PCI Interrupt Link [LNKA] (IRQs 5 9 10 *11)
[    7.988571] ACPI: PCI Interrupt Link [LNKB] (IRQs 5 9 *10 11)
[    8.029827] ACPI: PCI Interrupt Link [LNKC] (IRQs 5 *9 10 11)
[    8.079174] ACPI: PCI Interrupt Link [LNKD] (IRQs 5 9 10 *11)
[    8.120780] ACPI: Enabled 2 GPEs in block 00 to 07
[    8.151912] vgaarb: setting as boot device: PCI:0000:00:02.0
[    8.178664] vgaarb: device added: PCI:0000:00:02.0,decodes=io+mem,owns=io+mem,locks=none
[    8.218624] vgaarb: loaded
[    8.235397] vgaarb: bridge control possible 0000:00:02.0
[    8.261797] SCSI subsystem initialized
[    8.282840] ACPI: bus type USB registered
[    8.304133] usbcore: registered new interface driver usbfs
[    8.330265] usbcore: registered new interface driver hub
[    8.356116] usbcore: registered new device driver usb
[    8.383395] PCI: Using ACPI for IRQ routing
[    8.417154] NetLabel: Initializing
[    8.436375] NetLabel:  domain hash size = 128
[    8.459282] NetLabel:  protocols = UNLABELED CIPSOv4
[    8.483309] NetLabel:  unlabeled traffic allowed by default
[    8.515925] amd_nb: Cannot enumerate AMD northbridges
[    8.542270] clocksource: Switched to clocksource kvm-clock
[    8.624884] AppArmor: AppArmor Filesystem Enabled
[    8.651772] pnp: PnP ACPI init
[    8.682503] pnp: PnP ACPI: found 3 devices
[    8.711884] clocksource: acpi_pm: mask: 0xffffff max_cycles: 0xffffff, max_idle_ns: 2085701024 ns
[    8.752113] NET: Registered protocol family 2
[    8.778219] TCP established hash table entries: 32768 (order: 6, 262144 bytes)
[    8.814081] TCP bind hash table entries: 32768 (order: 7, 524288 bytes)
[    8.847346] TCP: Hash tables configured (established 32768 bind 32768)
[    8.877328] UDP hash table entries: 2048 (order: 4, 65536 bytes)
[    8.903956] UDP-Lite hash table entries: 2048 (order: 4, 65536 bytes)
[    8.932173] NET: Registered protocol family 1
[    8.953064] pci 0000:00:00.0: Limiting direct PCI/PCI transfers
[    8.980957] pci 0000:00:01.0: Activating ISA DMA hang workarounds
[    9.010757] Unpacking initramfs...
[    9.379329] Freeing initrd memory: 14796K
[    9.400440] PCI-DMA: Using software bounce buffering for IO (SWIOTLB)
[    9.429021] software IO TLB [mem 0xdbff0000-0xdfff0000] (64MB) mapped at [ffff8800dbff0000-ffff8800dffeffff]
[    9.483683] platform rtc_cmos: registered platform RTC device (no PNP device found)
[    9.520277] Scanning for low memory corruption every 60 seconds
[    9.547755] audit: initializing netlink subsys (disabled)
[    9.572091] audit: type=2000 audit(1542659766.650:1): initialized
[    9.600033] Initialise system trusted keyring
[    9.623082] HugeTLB registered 2 MB page size, pre-allocated 0 pages
[    9.653043] zbud: loaded
[    9.669270] VFS: Disk quotas dquot_6.6.0
[    9.692517] VFS: Dquot-cache hash table entries: 512 (order 0, 4096 bytes)
[    9.729817] squashfs: version 4.0 (2009/01/31) Phillip Lougher
[    9.757346] fuse init (API version 7.23)
[    9.797056] Key type big_key registered
[    9.822309] Allocating IMA MOK and blacklist keyrings.
[    9.863835] Key type asymmetric registered
[    9.887284] Asymmetric key parser 'x509' registered
[    9.912099] Block layer SCSI generic (bsg) driver version 0.4 loaded (major 249)
[    9.948854] io scheduler noop registered
[    9.972902] io scheduler deadline registered (default)
[    9.998620] io scheduler cfq registered
[   10.018796] pci_hotplug: PCI Hot Plug PCI Core version: 0.5
[   10.043999] pciehp: PCI Express Hot Plug Controller Driver version: 0.4
[   10.074547] ACPI: AC Adapter [AC] (on-line)
[   10.095709] input: Power Button as /devices/LNXSYSTM:00/LNXPWRBN:00/input/input0
[   10.132259] ACPI: Power Button [PWRF]
[   10.153563] input: Sleep Button as /devices/LNXSYSTM:00/LNXSLPBN:00/input/input1
[   10.196854] ACPI: Sleep Button [SLPF]
[   10.217854] GHES: HEST is not enabled!
[   10.225011] ACPI: Battery Slot [BAT0] (battery present)
[   10.262217] Serial: 8250/16550 driver, 32 ports, IRQ sharing enabled
[   10.372853] 00:02: ttyS0 at I/O 0x3f8 (irq = 4, base_baud = 115200) is a 16550A
[   10.410573] Linux agpgart interface v0.103
[   10.438108] loop: module loaded
[   10.461156] scsi host0: ata_piix
[   10.480417] scsi host1: ata_piix
[   10.503802] ata1: PATA max UDMA/33 cmd 0x1f0 ctl 0x3f6 bmdma 0xd000 irq 14
[   10.537110] ata2: PATA max UDMA/33 cmd 0x170 ctl 0x376 bmdma 0xd008 irq 15
[   10.571000] libphy: Fixed MDIO Bus: probed
[   10.596676] tun: Universal TUN/TAP device driver, 1.6
[   10.620449] tun: (C) 1999-2004 Max Krasnyansky <maxk@qualcomm.com>
[   10.647534] PPP generic driver version 2.4.2
[   10.668450] ehci_hcd: USB 2.0 'Enhanced' Host Controller (EHCI) Driver
[   10.696944] ehci-pci: EHCI PCI platform driver
[   10.719243] ehci-platform: EHCI generic platform driver
[   10.743796] ohci_hcd: USB 1.1 'Open' Host Controller (OHCI) Driver
[   10.773567] ohci-pci: OHCI PCI platform driver
[   10.796050] ohci-platform: OHCI generic platform driver
[   10.826081] uhci_hcd: USB Universal Host Controller Interface driver
[   10.854416] i8042: PNP: PS/2 Controller [PNP0303:PS2K,PNP0f03:PS2M] at 0x60,0x64 irq 1,12
[   10.901587] serio: i8042 KBD port at 0x60,0x64 irq 1
[   10.930813] serio: i8042 AUX port at 0x60,0x64 irq 12
[   10.954647] mousedev: PS/2 mouse device common for all mice
[   11.017647] rtc_cmos rtc_cmos: rtc core: registered rtc_cmos as rtc0
[   11.059872] rtc_cmos rtc_cmos: alarms up to one day, 114 bytes nvram
[   11.094691] input: AT Translated Set 2 keyboard as /devices/platform/i8042/serio0/input/input2
[   11.139661] i2c /dev entries driver
[   11.158550] device-mapper: uevent: version 1.0.3
[   11.183952] device-mapper: ioctl: 4.34.0-ioctl (2015-10-28) initialised: dm-devel@redhat.com
[   11.223405] ledtrig-cpu: registered to indicate activity on CPUs
[   11.254203] NET: Registered protocol family 10
[   11.277140] NET: Registered protocol family 17
[   11.299103] Key type dns_resolver registered
[   11.324777] registered taskstats version 1
[   11.345456] Loading compiled-in X.509 certificates
[   11.368249] Loaded X.509 cert 'Build time autogenerated kernel key: b7189ebc996fd79c52efc1226b6676b25e4f6a2d'
[   11.413854] zswap: loaded using pool lzo/zbud
[   11.441454] Key type trusted registered
[   11.473194] Key type encrypted registered
[   11.494617] AppArmor: AppArmor sha1 policy hashing enabled
[   11.520981] ima: No TPM chip found, activating TPM-bypass!
[   11.550730] ima: Allocated hash algorithm: sha1
[   11.578419] evm: HMAC attrs: 0x1
[   11.602824]   Magic number: 10:610:599
[   11.621938] serial8250 serial8250: hash matches
[   11.646133] rtc_cmos rtc_cmos: setting system clock to 2018-11-19 20:35:59 UTC (1542659759)
[   11.691414] BIOS EDD facility v0.16 2004-Jun-25, 0 devices found
[   11.718592] EDD information not available.
[   11.748891] Freeing unused kernel memory: 1516K
[   11.783333] Write protecting the kernel read-only data: 14336k
[   11.813549] Freeing unused kernel memory: 1672K
[   11.838276] Freeing unused kernel memory: 92K
Loading, please wait...
starting version 229
[   11.911293] random: systemd-udevd: uninitialized urandom read (16 bytes read, 9 bits of entropy available)
[   11.912971] random: udevadm: uninitialized urandom read (16 bytes read, 9 bits of entropy available)
[   11.912994] random: udevadm: uninitialized urandom read (16 bytes read, 9 bits of entropy available)
[   11.929048] random: udevadm: uninitialized urandom read (16 bytes read, 9 bits of entropy available)
[   11.929100] random: udevadm: uninitialized urandom read (16 bytes read, 9 bits of entropy available)
[   11.929287] random: udevadm: uninitialized urandom read (16 bytes read, 9 bits of entropy available)
[   11.929541] random: udevadm: uninitialized urandom read (16 bytes read, 9 bits of entropy available)
[   11.929624] random: udevadm: uninitialized urandom read (16 bytes read, 9 bits of entropy available)
[   11.929684] random: udevadm: uninitialized urandom read (16 bytes read, 9 bits of entropy available)
[   11.929735] random: udevadm: uninitialized urandom read (16 bytes read, 9 bits of entropy available)
[   12.492732] Fusion MPT base driver 3.04.20
[   12.514601] Copyright (c) 1999-2008 LSI Corporation
[   12.543582] e1000: Intel(R) PRO/1000 Network Driver - version 7.3.21-k8-NAPI
[   12.576251] e1000: Copyright (c) 1999-2006 Intel Corporation.
[   12.635707] Fusion MPT SPI Host driver 3.04.20
[   12.714482] mptbase: ioc0: Initiating bringup
[   12.743663] AVX2 version of gcm_enc/dec engaged.
[   12.765977] AES CTR mode by8 optimization enabled
[   12.846308] ioc0: LSI53C1030 A0: Capabilities={Initiator}
[   12.932436] input: ImExPS/2 Generic Explorer Mouse as /devices/platform/i8042/serio1/input/input4
[   14.104716] scsi host2: ioc0: LSI53C1030 A0, FwRev=00000000h, Ports=1, MaxQ=256, IRQ=20
[   14.560007] scsi 2:0:0:0: Direct-Access     VBOX     HARDDISK         1.0  PQ: 0 ANSI: 5
[   14.860498] scsi target2:0:0: Beginning Domain Validation
[   14.895150] scsi target2:0:0: Domain Validation skipping write tests
[   14.925019] scsi target2:0:0: Ending Domain Validation
[   14.950317] scsi target2:0:0: asynchronous
[   14.979038] scsi 2:0:1:0: Direct-Access     VBOX     HARDDISK         1.0  PQ: 0 ANSI: 5
[   15.019107] scsi target2:0:1: Beginning Domain Validation
[   15.055370] scsi target2:0:1: Domain Validation skipping write tests
[   15.085654] scsi target2:0:1: Ending Domain Validation
[   15.112277] scsi target2:0:1: asynchronous
[   15.156690] sd 2:0:0:0: [sda] 20971520 512-byte logical blocks: (10.7 GB/10.0 GiB)
[   15.196602] sd 2:0:0:0: Attached scsi generic sg0 type 0
[   15.224925] sd 2:0:0:0: [sda] Write Protect is off
[   15.250845] sd 2:0:0:0: [sda] Incomplete mode parameter data
[   15.278484] sd 2:0:0:0: [sda] Assuming drive cache: write through
[   15.308662] sd 2:0:1:0: [sdb] 20480 512-byte logical blocks: (10.5 MB/10.0 MiB)
[   15.346584] sd 2:0:1:0: Attached scsi generic sg1 type 0
[   15.373808] sd 2:0:1:0: [sdb] Write Protect is off
[   15.399514] sd 2:0:1:0: [sdb] Incomplete mode parameter data
[   15.426760] sd 2:0:1:0: [sdb] Assuming drive cache: write through
[   15.463048]  sda: sda1
[   15.486769] sd 2:0:1:0: [sdb] Attached SCSI disk
[   15.513313] sd 2:0:0:0: [sda] Attached SCSI disk
[   16.892976] e1000 0000:00:03.0 eth0: (PCI:33MHz:32-bit) 02:fb:a8:4c:29:d0
[   16.923583] e1000 0000:00:03.0 eth0: Intel(R) PRO/1000 Network Connection
[   19.144304] e1000 0000:00:08.0 eth1: (PCI:33MHz:32-bit) 08:00:27:b7:22:10
[   19.174530] e1000 0000:00:08.0 eth1: Intel(R) PRO/1000 Network Connection
[   19.210860] e1000 0000:00:03.0 enp0s3: renamed from eth0
[   19.263899] e1000 0000:00:08.0 enp0s8: renamed from eth1
Begin: Loading essential drivers ... [   27.513626] md: linear personality registered for level -1
[   27.550626] md: multipath personality registered for level -4
[   27.620317] md: raid0 personality registered for level 0
[   27.663533] md: raid1 personality registered for level 1
[   27.770503] raid6: sse2x1   gen()  6258 MB/s
[   27.859520] raid6: sse2x1   xor()  5918 MB/s
[   27.976513] raid6: sse2x2   gen()  5594 MB/s
[   28.102409] raid6: sse2x2   xor()  3432 MB/s
[   28.218679] raid6: sse2x4   gen()  3593 MB/s
[   28.337291] raid6: sse2x4   xor()  2841 MB/s
[   28.447738] raid6: avx2x1   gen()  4697 MB/s
[   28.547062] raid6: avx2x2   gen()  9507 MB/s
[   28.650725] raid6: avx2x4   gen()  8007 MB/s
[   28.678878] raid6: using algorithm avx2x2 gen() 9507 MB/s
[   28.739662] raid6: using avx2x2 recovery algorithm
[   28.787834] xor: automatically using best checksumming function:
[   28.858678]    avx       : 16665.000 MB/sec
[   28.891194] async_tx: api initialized (async)
[   28.941631] md: raid6 personality registered for level 6
[   28.967143] md: raid5 personality registered for level 5
[   28.992184] md: raid4 personality registered for level 4
[   29.031585] md: raid10 personality registered for level 10
done.
Begin: Running /scripts/init-premount ... done.
Begin: Mounting root file system ... Begin: Running /scripts/local-top ... done.
Begin: Running /scripts/local-premount ... [   29.335154] Btrfs loaded
Scanning for Btrfs filesystems
done.
Warning: fsck not present, so skipping root file system
[   29.611517] EXT4-fs (sda1): INFO: recovery required on readonly filesystem
[   29.657584] EXT4-fs (sda1): write access will be enabled during recovery
[   30.295609] random: nonblocking pool is initialized
[   30.626462] EXT4-fs (sda1): recovery complete
[   30.663810] EXT4-fs (sda1): mounted filesystem with ordered data mode. Opts: (null)
done.
Begin: Running /scripts/local-bottom ... done.
Begin: Running /scripts/init-bottom ... done.
[   31.225873] systemd[1]: systemd 229 running in system mode. (+PAM +AUDIT +SELINUX +IMA +APPARMOR +SMACK +SYSVINIT +UTMP +LIBCRYPTSETUP +GCRYPT +GNUTLS +ACL +XZ -LZ4 +SECCOMP +BLKID +ELFUTILS +KMOD -IDN)
[   31.357789] systemd[1]: Detected virtualization oracle.
[   31.393454] systemd[1]: Detected architecture x86-64.

Welcome to [1mUbuntu 16.04.5 LTS[0m!

[   31.485062] systemd[1]: Set hostname to <ubuntu-xenial>.
[   32.032069] systemd[1]: Listening on udev Kernel Socket.
[[0;32m  OK  [0m] Listening on udev Kernel Socket.
[   32.122842] systemd[1]: Listening on Journal Audit Socket.
[[0;32m  OK  [0m] Listening on Journal Audit Socket.
[   32.193075] systemd[1]: Listening on Journal Socket (/dev/log).
[[0;32m  OK  [0m] Listening on Journal Socket (/dev/log).
[   32.273930] systemd[1]: Listening on Device-mapper event daemon FIFOs.
[[0;32m  OK  [0m] Listening on Device-mapper event daemon FIFOs.
[   32.360195] systemd[1]: Started Forward Password Requests to Wall Directory Watch.
[[0;32m  OK  [0m] Started Forward Password Requests to Wall Directory Watch.
[   32.486838] systemd[1]: Reached target User and Group Name Lookups.
[[0;32m  OK  [0m] Reached target User and Group Name Lookups.
[   32.597003] systemd[1]: Listening on Syslog Socket.
[[0;32m  OK  [0m] Listening on Syslog Socket.
[   32.730892] systemd[1]: Listening on LVM2 poll daemon socket.
[[0;32m  OK  [0m] Listening on LVM2 poll daemon socket.
[   32.818726] systemd[1]: Listening on udev Control Socket.
[[0;32m  OK  [0m] Listening on udev Control Socket.
[   32.886020] systemd[1]: Created slice System Slice.
[[0;32m  OK  [0m] Created slice System Slice.
[   32.941307] systemd[1]: Created slice system-serial\x2dgetty.slice.
[[0;32m  OK  [0m] Created slice system-serial\x2dgetty.slice.
[   33.040816] systemd[1]: Reached target System Time Synchronized.
[[0;32m  OK  [0m] Reached target System Time Synchronized.
[   33.105559] systemd[1]: Created slice User and Session Slice.
[[0;32m  OK  [0m] Created slice User and Session Slice.
[   33.178038] systemd[1]: Reached target Slices.
[[0;32m  OK  [0m] Reached target Slices.
[   33.231565] systemd[1]: Set up automount Arbitrary Executable File Formats File System Automount Point.
[[0;32m  OK  [0m] Set up automount Arbitrary Executab...ats File System Automount Point.
[   33.320481] systemd[1]: Reached target Encrypted Volumes.
[[0;32m  OK  [0m] Reached target Encrypted Volumes.
[   33.382317] systemd[1]: Listening on Journal Socket.
[[0;32m  OK  [0m] Listening on Journal Socket.
[   33.455236] systemd[1]: Mounting POSIX Message Queue File System...
         Mounting POSIX Message Queue File System...
[   33.543384] systemd[1]: Starting Nameserver information manager...
         Starting Nameserver information manager...
[   33.622114] systemd[1]: Starting Create list of required static device nodes for the current kernel...
         Starting Create list of required st... nodes for the current kernel...
[   33.719064] systemd[1]: Mounting Debug File System...
         Mounting Debug File System...
[   33.806246] systemd[1]: Mounting Huge Pages File System...
         Mounting Huge Pages File System...
[   33.881466] systemd[1]: Starting Journal Service...
         Starting Journal Service...
[   33.975118] systemd[1]: Starting Load Kernel Modules...
         Starting Load Kernel Modules...
[   34.045761] Loading iSCSI transport class v2.0-870.
[   34.047259] systemd[1]: Starting Remount Root and Kernel File Systems...
[   34.074791] EXT4-fs (sda1): re-mounted. Opts: (null)
         Starting Remount Root and Kernel File Systems...
[   34.163768] systemd[1]: Started Trigger resolvconf update for networkd DNS.
[[0;32m  OK  [0m] Started Trigger resolvconf update for networkd DNS.
[   34.236617] systemd[1]: Listening on LVM2 metadata daemon socket.
[   34.280787] iscsi: registered transport (tcp)
[[0;32m  OK  [0m] Listening on LVM2 metadata daemon socket.
[   34.339136] systemd[1]: Starting Monitoring of LVM2 mirrors, snapshots etc. using dmeventd or progress polling...
         Starting Monitoring of LVM2 mirrors... dmeventd or progress polling...
[   34.452418] systemd[1]: Starting Set console keymap...
         Starting Set console keymap...
[   34.540584] systemd[1]: Listening on /dev/initctl Compatibility Named Pipe.
[[0;32m  OK  [0m] Listening on /dev/initctl Compatibility Named Pipe.
[   34.626479] systemd[1]: Reached target Swap.
[[0;32m  OK  [0m] [   34.699987] iscsi: registered transport (iser)
Reached target Swap.
[   34.763715] systemd[1]: Starting Uncomplicated firewall...
         Starting Uncomplicated firewall...
[   34.824204] systemd[1]: Mounted POSIX Message Queue File System.
[[0;32m  OK  [0m] Mounted POSIX Message Queue File System.
[   34.948079] systemd[1]: Mounted Debug File System.
[[0;32m  OK  [0m] Mounted Debug File System.
[   35.032731] systemd[1]: Mounted Huge Pages File System.
[[0;32m  OK  [0m] Mounted Huge Pages File System.
[   35.112089] systemd[1]: Started Journal Service.
[[0;32m  OK  [0m] Started Journal Service.
[[0;32m  OK  [0m] Started Create list of required sta...ce nodes for the current kernel.
[[0;32m  OK  [0m] Started Load Kernel Modules.
[[0;32m  OK  [0m] Started Remount Root and Kernel File Systems.
[[0;32m  OK  [0m] Started Set console keymap.
[[0;32m  OK  [0m] Started Uncomplicated firewall.
[[0;32m  OK  [0m] Started Nameserver information manager.
[[0;32m  OK  [0m] Started LVM2 metadata daemon.
         Starting udev Coldplug all Devices...
         Starting Load/Save Random Seed...
         Mounting FUSE Control File System...
         Starting Apply Kernel Variables...
         Starting Create Static Device Nodes in /dev...
         Starting Flush Journal to Persistent Storage...
[[0;32m  OK  [0m] Mounted FUSE Control File System.
[[0;32m  OK  [0m] Started Load/Save Random Seed.
[[0;32m  OK  [0m] Started Apply Kernel Variables.
[[0;32m  OK  [0m] Started Monitoring of LVM2 mirrors,...ng dmeventd or progress polling.
[[0;32m  OK  [0m] Started Create Static Device Nodes in /dev.
[[0;32m  OK  [0m] Started udev Coldplug all Devices.
[[0;32m  OK  [0m] Started Flush Journal to Persistent Storage.
         Starting udev Kernel Device Manager...
[[0;32m  OK  [0m] Started udev Kernel Device Manager.
[[0;32m  OK  [0m] Started Dispatch Password Requests to Console Directory Watch.
[[0;32m  OK  [0m] Reached target Local File Systems (Pre).
[[0;32m  OK  [0m] Reached target Local File Systems.
         Starting Set console font and keymap...
         Starting Tell Plymouth To Write Out Runtime Data...
         Starting Create Volatile Files and Directories...
         Starting LSB: AppArmor initialization...
         Starting Initial cloud-init job (pre-networking)...
[[0;32m  OK  [0m] Started Tell Plymouth To Write Out Runtime Data.
[[0;32m  OK  [0m] Started Create Volatile Files and Directories.
[[0;32m  OK  [0m] Found device /dev/ttyS0.
[[0;32m  OK  [0m] Listening on Load/Save RF Kill Switch Status /dev/rfkill Watch.
         Starting Update UTMP about System Boot/Shutdown...
[[0;32m  OK  [0m] Found device 82540EM Gigabit Ethern...r (PRO/1000 MT Desktop Adapter).
[[0;32m  OK  [0m] Found device 82540EM Gigabit Ethern...r (PRO/1000 MT Desktop Adapter).
[[0;32m  OK  [0m] Started Set console font and keymap.
[[0;32m  OK  [0m] Started Update UTMP about System Boot/Shutdown.
[[0;32m  OK  [0m] Created slice system-getty.slice.
[[0;32m  OK  [0m] Started LSB: AppArmor initialization.
[   33.970695] cloud-init[518]: Cloud-init v. 18.3-9-g2e62cb8a-0ubuntu1~16.04.2 running 'init-local' at Mon, 19 Nov 2018 20:36:28 +0000. Up 33.44 seconds.
[[0;32m  OK  [0m] Started Initial cloud-init job (pre-networking).
[[0;32m  OK  [0m] Reached target Network (Pre).
[[0;32m  OK  [0m] Started ifup for enp0s3.
[[0;32m  OK  [0m] Started ifup for enp0s8.
         Starting Raise network interfaces...
[[0;32m  OK  [0m] Started Raise network interfaces.
[[0;32m  OK  [0m] Reached target Network.
         Starting Initial cloud-init job (metadata service crawler)...
[   36.619384] cloud-init[1063]: Cloud-init v. 18.3-9-g2e62cb8a-0ubuntu1~16.04.2 running 'init' at Mon, 19 Nov 2018 20:36:30 +0000. Up 35.74 seconds.
[   36.710156] cloud-init[1063]: ci-info: ++++++++++++++++++++++++++++++++++++++Net device info+++++++++++++++++++++++++++++++++++++++
[[   36.824649] cloud-init[1063]: ci-info: +--------+------+-----------------------------+---------------+--------+-------------------+
[   36.836309] cloud-init[1063]: ci-info: | Device |  Up  |           Address           |      Mask     | Scope  |     Hw-Address    |
[   36.843933] cloud-init[1063]: ci-info: +--------+------+-----------------------------+---------------+--------+-------------------+
[   36.867698] cloud-init[1063]: ci-info: | enp0s3 | True |          10.0.2.15          | 255.255.255.0 | global | 02:fb:a8:4c:29:d0 |
[   36.879419] cloud-init[1063]: ci-info: | enp0s3 | True |  fe80::fb:a8ff:fe4c:29d0/64 |       .       |  link  | 02:fb:a8:4c:29:d0 |
[   36.947848] cloud-init[1063]: ci-info: | enp0s8 | True |        192.168.33.200       | 255.255.255.0 | global | 08:00:27:b7:22:10 |
[   36.957999] cloud-init[1063]: ci-info: | enp0s8 | True | fe80::a00:27ff:feb7:2210/64 |       .       |  link  | 08:00:27:b7:22:10 |
[   36.967977] cloud-init[1063]: ci-info: |   lo   | True |          127.0.0.1          |   255.0.0.0   |  host  |         .         |
[   36.987970] cloud-init[1063]: ci-info: |   lo   | True |           ::1/128           |       .       |  host  |         .         |
[   37.028356] cloud-init[1063]: ci-info: +--------+------+-----------------------------+---------------+--------+-------------------+
[   37.031297] cloud-init[1063]: ci-info: ++++++++++++++++++++++++++++Route IPv4 info++++++++++++++++++++++++++++
[   37.099970] cloud-init[1063]: ci-info: +-------+--------------+----------+---------------+-----------+-------+
[   37.119993] cloud-init[1063]: ci-info: | Route | Destination  | Gateway  |    Genmask    | Interface | Flags |
[   37.137111] cloud-init[1063]: ci-info: +-------+--------------+----------+---------------+-----------+-------+
[   37.146736] cloud-init[1063]: ci-info: |   0   |   0.0.0.0    | 10.0.2.2 |    0.0.0.0    |   enp0s3  |   UG  |
[   37.156363] cloud-init[1063]: ci-info: |   1   |   10.0.2.0   | 0.0.0.0  | 255.255.255.0 |   enp0s3  |   U   |
[   37.159570] cloud-init[1063]: ci-info: |   2   | 192.168.33.0 | 0.0.0.0  | 255.255.255.0 |   enp0s8  |   U   |
[   37.185490] cloud-init[1063]: ci-info: +-------+--------------+----------+---------------+-----------+-------+
[   37.195451] cloud-init[1063]: ci-info: +++++++++++++++++++Route IPv6 info+++++++++++++++++++
[   37.212021] cloud-init[1063]: ci-info: +-------+-------------+---------+-----------+-------+
[   37.241659] cloud-init[1063]: ci-info: | Route | Destination | Gateway | Interface | Flags |
[   37.248751] cloud-init[1063]: ci-info: +-------+-------------+---------+-----------+-------+
[   37.252168] cloud-init[1063]: ci-info: |   0   |  fe80::/64  |    ::   |   enp0s8  |   U   |
[   37.285095] cloud-init[1063]: ci-info: |   1   |  fe80::/64  |    ::   |   enp0s3  |   U   |
[   37.285302] cloud-init[1063]: ci-info: |   4   |   ff00::/8  |    ::   |   enp0s8  |   U   |
[   37.285457] cloud-init[1063]: ci-info: |   5   |   ff00::/8  |    ::   |   enp0s3  |   U   |
[   37.285605] cloud-init[1063]: ci-info: +-------+-------------+---------+-----------+-------+
[0;32m  OK  [0m] Started Initial cloud-init job (metadata service crawler).
[[0;32m  OK  [0m] Reached target Network is Online.
         Starting iSCSI initiator daemon (iscsid)...
[[0;32m  OK  [0m] Reached target System Initialization.
[[0;32m  OK  [0m] Listening on ACPID Listen Socket.
[[0;32m  OK  [0m] Started Daily apt download activities.
[[0;32m  OK  [0m] Started Daily apt upgrade and clean activities.
[[0;32m  OK  [0m] Started ACPI Events Check.
[[0;32m  OK  [0m] Reached target Paths.
[[0;32m  OK  [0m] Listening on D-Bus System Message Bus Socket.
[[0;32m  OK  [0m] Listening on UUID daemon activation socket.
         Starting LXD - unix socket.
[[0;32m  OK  [0m] Started Daily Cleanup of Temporary Directories.
[[0;32m  OK  [0m] Reached target Timers.
         Starting Socket activation for snappy daemon.
[[0;32m  OK  [0m] Reached target Cloud-config availability.
[[0;32m  OK  [0m] Listening on LXD - unix socket.
[[0;32m  OK  [0m] Listening on Socket activation for snappy daemon.
[[0;32m  OK  [0m] Started iSCSI initiator daemon (iscsid).
         Starting Login to default iSCSI targets...
[[0;32m  OK  [0m] Reached target Sockets.
[[0;32m  OK  [0m] Reached target Basic System.
[[0;32m  OK  [0m] Started Deferred execution scheduler.
[[0;32m  OK  [0m] Started Regular background program processing daemon.
         Starting LSB: Record successful boot for GRUB...
[[0;32m  OK  [0m] Started Unattended Upgrades Shutdown.
         Starting Accounts Service...
         Starting Login Service...
         Starting OpenBSD Secure Shell server...
         Starting Snappy daemon...
         Starting LXD - container startup/shutdown...
[[0;32m  OK  [0m] Started ACPI event daemon.
[[0;32m  OK  [0m] Started FUSE filesystem for LXC.
         Starting System Logging Service...
         Starting vboxadd.service...
[[0;32m  OK  [0m] Started D-Bus System Message Bus.
         Starting /etc/rc.local Compatibility...
         Starting LSB: MD monitoring daemon...
[[0;32m  OK  [0m] Started OpenBSD Secure Shell server.
[[0;32m  OK  [0m] Started System Logging Service.
[[0;32m  OK  [0m] Started /etc/rc.local Compatibility.
[[0;32m  OK  [0m] Started LSB: Record successful boot for GRUB.
[[0;32m  OK  [0m] Started LXD - container startup/shutdown.
[[0;32m  OK  [0m] Started Login to default iSCSI targets.
[[0;32m  OK  [0m] Started Snappy daemon.
[[0;32m  OK  [0m] Started vboxadd.service.
[[0;32m  OK  [0m] Started LSB: MD monitoring daemon.
[[0;32m  OK  [0m] Started Login Service.
         Starting Authenticate and Authorize Users to Run Privileged Tasks...
         Starting vboxadd-service.service...
         Starting Wait until snapd is fully seeded...
[[0;32m  OK  [0m] Reached target Remote File Systems (Pre).
[[0;32m  OK  [0m] Reached target Remote File Systems.
         Starting LSB: automatic crash report generation...
         Starting LSB: Set the CPU Frequency Scaling governor to "ondemand"...
         Starting LSB: daemon to balance interrupts for SMP systems...
         Starting Permit User Sessions...
[[0;32m  OK  [0m] Started vboxadd-service.service.
[[0;32m  OK  [0m] Started Wait until snapd is fully seeded.
[[0;32m  OK  [0m] Started Permit User Sessions.
[[0;32m  OK  [0m] Started Authenticate and Authorize Users to Run Privileged Tasks.
[[0;32m  OK  [0m] Started Accounts Service.
         Starting Terminate Plymouth Boot Screen...
         Starting Hold until boot process finishes up...
         Starting Apply the settings specified in cloud-config...
[[0;32m  OK  [0m] Started LSB: automatic crash report generation.
[[0;32m  OK  [0m] Started LSB: Set the CPU Frequency Scaling governor to "ondemand".
[[0;32m  OK  [0m] Started LSB: daemon to balance interrupts for SMP systems.
[[0;32m  OK  [0m] Started Terminate Plymouth Boot Screen.
[[0;32m  OK  [0m] Started Hold until boot process finishes up.
[[0;32m  OK  [0m] Started Getty on tty1.
[[0;32m  OK  [0m] Started Serial Getty on ttyS0.
[[0;32m  OK  [0m] Reached target Login Prompts.
         Starting Set console scheme...
[[0;32m  OK  [0m] Reached target Multi-User System.
[[0;32m  OK  [0m] Reached target Graphical Interface.
         Starting Update UTMP about System Runlevel Changes...
[[0;32m  OK  [0m] Started Set console scheme.
[[0;32m  OK  [0m] Started Update UTMP about System Runlevel Changes.
[[0;32m  OK  [0m] Created slice User Slice of vagrant.
         Starting User Manager for UID 1000...
[[0;32m  OK  [0m] Started Session 1 of user vagrant.
[[0;32m  OK  [0m] Started User Manager for UID 1000.
[   42.052222] cloud-init[1341]: Cloud-init v. 18.3-9-g2e62cb8a-0ubuntu1~16.04.2 running 'modules:config' at Mon, 19 Nov 2018 20:36:36 +0000. Up 41.52 seconds.
[[0;32m  OK  [0m] Started Apply the settings specified in cloud-config.
         Starting Execute cloud user/final scripts...
[   44.388975] cloud-init[1414]: Cloud-init v. 18.3-9-g2e62cb8a-0ubuntu1~16.04.2 running 'modules:final' at Mon, 19 Nov 2018 20:36:38 +0000. Up 43.67 seconds.
[   44.460004] cloud-init[1414]: Cloud-init v. 18.3-9-g2e62cb8a-0ubuntu1~16.04.2 finished at Mon, 19 Nov 2018 20:36:39 +0000. Datasource DataSourceNoCloud [seed=/dev/sdb][dsmode=net].  Up 44.37 seconds
[[0;32m  OK  [0m] Started Execute cloud user/final scripts.
         Starting Daily apt download activities...
[[0;32m  OK  [0m] Reached target Cloud-init target.

Ubuntu 16.04.5 LTS ubuntu-xenial ttyS0

ubuntu-xenial login: [[0;32m  OK  [0m] Started ACPI event daemon.
[[0;32m  OK  [0m] Started ACPI event daemon.
[[0;32m  OK  [0m] Started ACPI event daemon.
[  OK  ] Started ACPI event daemon.
[  OK  ] Started Trigger resolvconf update for networkd DNS.
[  OK  ] Started ACPI event daemon.
[  OK  ] Started ACPI event daemon.
[  OK  ] Started ACPI event daemon.
[  OK  ] Started ACPI event daemon.
[  OK  ] Started ACPI event daemon.
         Stopping udev Kernel Device Manager...
[  OK  ] Stopped udev Kernel Device Manager.
[  OK  ] Started ACPI event daemon.
[  OK  ] Started ACPI event daemon.
[  OK  ] Stopped udev Kernel Device Manager.
         Starting udev Kernel Device Manager...
[  OK  ] Started udev Kernel Device Manager.
[  OK  ] Started ACPI event daemon.
[  OK  ] Started ACPI event daemon.
[  OK  ] Started ACPI event daemon.
[  OK  ] Started ACPI event daemon.
         Stopping OpenBSD Secure Shell server...
[  OK  ] Stopped OpenBSD Secure Shell server.
         Starting OpenBSD Secure Shell server...
[  OK  ] Started OpenBSD Secure Shell server.
[  OK  ] Started Daily apt upgrade and clean activities.
